<?xml version="1.0" encoding="UTF-8"?>
<coverage generated="1630893630281" clover="3.2.0">
  <project timestamp="1630893630281" name="All files">
    <metrics statements="26" coveredstatements="26" conditionals="2" coveredconditionals="2" methods="8" coveredmethods="8" elements="36" coveredelements="36" complexity="0" loc="26" ncloc="26" packages="2" files="2" classes="2"/>
    <package name="src">
      <metrics statements="25" coveredstatements="25" conditionals="2" coveredconditionals="2" methods="8" coveredmethods="8"/>
      <file name="draggable-upload.vue" path="D:\zjjworkspace\library\draggable-upload\src\draggable-upload.vue">
        <metrics statements="25" coveredstatements="25" conditionals="2" coveredconditionals="2" methods="8" coveredmethods="8"/>
        <line num="82" count="1" type="stmt"/>
        <line num="83" count="1" type="stmt"/>
        <line num="84" count="1" type="stmt"/>
        <line num="85" count="1" type="stmt"/>
        <line num="105" count="6" type="stmt"/>
        <line num="106" count="6" type="stmt"/>
        <line num="107" count="6" type="stmt"/>
        <line num="108" count="1" type="stmt"/>
        <line num="110" count="6" type="stmt"/>
        <line num="111" count="1" type="stmt"/>
        <line num="112" count="1" type="stmt"/>
        <line num="113" count="1" type="stmt"/>
        <line num="115" count="6" type="stmt"/>
        <line num="116" count="1" type="stmt"/>
        <line num="118" count="6" type="stmt"/>
        <line num="119" count="1" type="stmt"/>
        <line num="121" count="6" type="stmt"/>
        <line num="122" count="6" type="stmt"/>
        <line num="123" count="2" type="stmt"/>
        <line num="124" count="2" type="stmt"/>
        <line num="125" count="12" type="cond" truecount="2" falsecount="0"/>
        <line num="126" count="6" type="stmt"/>
        <line num="130" count="6" type="stmt"/>
        <line num="131" count="1" type="stmt"/>
        <line num="133" count="6" type="stmt"/>
      </file>
    </package>
    <package name="src.font">
      <metrics statements="1" coveredstatements="1" conditionals="0" coveredconditionals="0" methods="0" coveredmethods="0"/>
      <file name="iconfont.css" path="D:\zjjworkspace\library\draggable-upload\src\font\iconfont.css">
        <metrics statements="1" coveredstatements="1" conditionals="0" coveredconditionals="0" methods="0" coveredmethods="0"/>
        <line num="1" count="1" type="stmt"/>
      </file>
    </package>
  </project>
</coverage>
