{"D:\\zjjworkspace\\library\\draggable-upload\\src\\draggable-upload.vue": {"path":"D:\\zjjworkspace\\library\\draggable-upload\\src\\draggable-upload.vue","statementMap":{"0":{"start":{"line":56,"column":0},"end":{"line":56,"column":null}},"1":{"start":{"line":57,"column":0},"end":{"line":57,"column":null}},"2":{"start":{"line":58,"column":0},"end":{"line":58,"column":null}},"3":{"start":{"line":59,"column":15},"end":{"line":59,"column":null}},"4":{"start":{"line":75,"column":32},"end":{"line":75,"column":39}},"5":{"start":{"line":76,"column":25},"end":{"line":83,"column":null}},"6":{"start":{"line":77,"column":29},"end":{"line":77,"column":null}},"7":{"start":{"line":78,"column":6},"end":{"line":78,"column":11}},"8":{"start":{"line":79,"column":8},"end":{"line":81,"column":null}},"9":{"start":{"line":80,"column":10},"end":{"line":80,"column":14}},"10":{"start":{"line":84,"column":25},"end":{"line":86,"column":null}},"11":{"start":{"line":85,"column":6},"end":{"line":85,"column":10}},"12":{"start":{"line":87,"column":4},"end":{"line":87,"column":11}}},"fnMap":{"0":{"name":"(anonymous_0)","decl":{"start":{"line":74,"column":2},"end":{"line":74,"column":7}},"loc":{"start":{"line":74,"column":25},"end":{"line":92,"column":null}}},"1":{"name":"(anonymous_1)","decl":{"start":{"line":76,"column":25},"end":{"line":76,"column":26}},"loc":{"start":{"line":76,"column":52},"end":{"line":83,"column":null}}},"2":{"name":"(anonymous_2)","decl":{"start":{"line":78,"column":20},"end":{"line":78,"column":21}},"loc":{"start":{"line":78,"column":37},"end":{"line":82,"column":null}}},"3":{"name":"(anonymous_3)","decl":{"start":{"line":84,"column":25},"end":{"line":84,"column":26}},"loc":{"start":{"line":84,"column":42},"end":{"line":86,"column":null}}}},"branchMap":{"0":{"loc":{"start":{"line":79,"column":8},"end":{"line":81,"column":null}},"type":"if","locations":[{"start":{"line":79,"column":8},"end":{"line":81,"column":null}},{"start":{"line":79,"column":8},"end":{"line":81,"column":null}}]}},"s":{"0":1,"1":1,"2":1,"3":1,"4":5,"5":5,"6":1,"7":1,"8":6,"9":3,"10":5,"11":1,"12":5},"f":{"0":5,"1":1,"2":6,"3":1},"b":{"0":[3,3]}}
,"D:\\zjjworkspace\\library\\draggable-upload\\src\\font\\iconfont.css": {"path":"D:\\zjjworkspace\\library\\draggable-upload\\src\\font\\iconfont.css","statementMap":{"0":{"start":{"line":1,"column":0},"end":{"line":1,"column":19}}},"fnMap":{},"branchMap":{},"s":{"0":1},"f":{},"b":{},"_coverageSchema":"43e27e138ebf9cfc5966b082cf9a028302ed4184","hash":"2e3c0edc3c2da29e852e458fc6a3bddc1e888ae5"}
}
