{"D:\\zjjworkspace\\library\\draggable-upload\\src\\draggable-upload.vue": {"path":"D:\\zjjworkspace\\library\\draggable-upload\\src\\draggable-upload.vue","statementMap":{"0":{"start":{"line":82,"column":0},"end":{"line":82,"column":null}},"1":{"start":{"line":83,"column":0},"end":{"line":83,"column":null}},"2":{"start":{"line":84,"column":0},"end":{"line":84,"column":null}},"3":{"start":{"line":85,"column":15},"end":{"line":85,"column":null}},"4":{"start":{"line":105,"column":24},"end":{"line":105,"column":28}},"5":{"start":{"line":106,"column":21},"end":{"line":106,"column":25}},"6":{"start":{"line":107,"column":27},"end":{"line":109,"column":null}},"7":{"start":{"line":108,"column":6},"end":{"line":108,"column":17}},"8":{"start":{"line":110,"column":24},"end":{"line":114,"column":null}},"9":{"start":{"line":111,"column":20},"end":{"line":111,"column":null}},"10":{"start":{"line":112,"column":6},"end":{"line":112,"column":17}},"11":{"start":{"line":113,"column":6},"end":{"line":113,"column":18}},"12":{"start":{"line":115,"column":28},"end":{"line":117,"column":null}},"13":{"start":{"line":116,"column":6},"end":{"line":116,"column":17}},"14":{"start":{"line":118,"column":24},"end":{"line":120,"column":null}},"15":{"start":{"line":119,"column":6},"end":{"line":119,"column":14}},"16":{"start":{"line":121,"column":32},"end":{"line":121,"column":39}},"17":{"start":{"line":122,"column":25},"end":{"line":129,"column":null}},"18":{"start":{"line":123,"column":29},"end":{"line":123,"column":null}},"19":{"start":{"line":124,"column":6},"end":{"line":124,"column":11}},"20":{"start":{"line":125,"column":8},"end":{"line":127,"column":null}},"21":{"start":{"line":126,"column":10},"end":{"line":126,"column":14}},"22":{"start":{"line":130,"column":25},"end":{"line":132,"column":null}},"23":{"start":{"line":131,"column":6},"end":{"line":131,"column":10}},"24":{"start":{"line":133,"column":4},"end":{"line":133,"column":11}}},"fnMap":{"0":{"name":"(anonymous_0)","decl":{"start":{"line":104,"column":2},"end":{"line":104,"column":7}},"loc":{"start":{"line":104,"column":25},"end":{"line":144,"column":null}}},"1":{"name":"(anonymous_1)","decl":{"start":{"line":107,"column":27},"end":{"line":107,"column":33}},"loc":{"start":{"line":107,"column":33},"end":{"line":109,"column":null}}},"2":{"name":"(anonymous_2)","decl":{"start":{"line":110,"column":24},"end":{"line":110,"column":34}},"loc":{"start":{"line":110,"column":34},"end":{"line":114,"column":null}}},"3":{"name":"(anonymous_3)","decl":{"start":{"line":115,"column":28},"end":{"line":115,"column":34}},"loc":{"start":{"line":115,"column":34},"end":{"line":117,"column":null}}},"4":{"name":"(anonymous_4)","decl":{"start":{"line":118,"column":24},"end":{"line":118,"column":30}},"loc":{"start":{"line":118,"column":30},"end":{"line":120,"column":null}}},"5":{"name":"(anonymous_5)","decl":{"start":{"line":122,"column":25},"end":{"line":122,"column":26}},"loc":{"start":{"line":122,"column":52},"end":{"line":129,"column":null}}},"6":{"name":"(anonymous_6)","decl":{"start":{"line":124,"column":20},"end":{"line":124,"column":21}},"loc":{"start":{"line":124,"column":37},"end":{"line":128,"column":null}}},"7":{"name":"(anonymous_7)","decl":{"start":{"line":130,"column":25},"end":{"line":130,"column":26}},"loc":{"start":{"line":130,"column":42},"end":{"line":132,"column":null}}}},"branchMap":{"0":{"loc":{"start":{"line":125,"column":8},"end":{"line":127,"column":null}},"type":"if","locations":[{"start":{"line":125,"column":8},"end":{"line":127,"column":null}},{"start":{"line":125,"column":8},"end":{"line":127,"column":null}}]}},"s":{"0":1,"1":1,"2":1,"3":1,"4":6,"5":6,"6":6,"7":1,"8":6,"9":1,"10":1,"11":1,"12":6,"13":1,"14":6,"15":1,"16":6,"17":6,"18":2,"19":2,"20":12,"21":6,"22":6,"23":1,"24":6},"f":{"0":6,"1":1,"2":1,"3":1,"4":1,"5":2,"6":12,"7":1},"b":{"0":[6,6]}}
,"D:\\zjjworkspace\\library\\draggable-upload\\src\\font\\iconfont.css": {"path":"D:\\zjjworkspace\\library\\draggable-upload\\src\\font\\iconfont.css","statementMap":{"0":{"start":{"line":1,"column":0},"end":{"line":1,"column":19}}},"fnMap":{},"branchMap":{},"s":{"0":1},"f":{},"b":{},"_coverageSchema":"43e27e138ebf9cfc5966b082cf9a028302ed4184","hash":"2e3c0edc3c2da29e852e458fc6a3bddc1e888ae5"}
}
