TN:
SF:D:\zjjworkspace\library\draggable-upload\src\draggable-upload.vue
FN:106,(anonymous_0)
FN:109,(anonymous_1)
FN:112,(anonymous_2)
FN:117,(anonymous_3)
FN:124,(anonymous_4)
FN:125,(anonymous_5)
FN:126,(anonymous_6)
FN:152,(anonymous_7)
FN:155,(anonymous_8)
FN:159,(anonymous_9)
FN:161,(anonymous_10)
FN:167,(anonymous_11)
FNF:12
FNH:12
FNDA:10,(anonymous_0)
FNDA:1,(anonymous_1)
FNDA:5,(anonymous_2)
FNDA:12,(anonymous_3)
FNDA:18,(anonymous_4)
FNDA:18,(anonymous_5)
FNDA:16,(anonymous_6)
FNDA:1,(anonymous_7)
FNDA:1,(anonymous_8)
FNDA:6,(anonymous_9)
FNDA:18,(anonymous_10)
FNDA:1,(anonymous_11)
DA:84,1
DA:85,1
DA:86,1
DA:87,1
DA:107,10
DA:108,10
DA:109,10
DA:110,1
DA:112,10
DA:113,5
DA:114,5
DA:115,5
DA:116,5
DA:117,4
DA:118,12
DA:120,12
DA:121,12
DA:122,12
DA:124,18
DA:125,18
DA:127,16
DA:128,5
DA:131,11
DA:132,3
DA:134,8
DA:136,5
DA:137,5
DA:138,5
DA:140,3
DA:142,12
DA:143,6
DA:145,12
DA:149,5
DA:150,5
DA:152,10
DA:153,1
DA:155,10
DA:156,1
DA:158,10
DA:159,10
DA:160,6
DA:161,6
DA:162,18
DA:163,12
DA:167,10
DA:168,1
DA:170,10
LF:47
LH:47
BRDA:116,0,0,4
BRDA:116,0,1,1
BRDA:120,1,0,12
BRDA:120,1,1,0
BRDA:127,2,0,5
BRDA:127,2,1,11
BRDA:131,3,0,3
BRDA:131,3,1,8
BRDA:134,4,0,5
BRDA:134,4,1,3
BRDA:142,5,0,6
BRDA:142,5,1,6
BRDA:162,6,0,12
BRDA:162,6,1,6
BRF:14
BRH:13
end_of_record
TN:
SF:D:\zjjworkspace\library\draggable-upload\src\font\iconfont.css
FNF:0
FNH:0
DA:1,1
LF:1
LH:1
BRF:0
BRH:0
end_of_record
