TN:
SF:D:\zjjworkspace\library\draggable-upload\src\draggable-upload.vue
FN:74,(anonymous_0)
FN:76,(anonymous_1)
FN:78,(anonymous_2)
FN:84,(anonymous_3)
FNF:4
FNH:4
FNDA:5,(anonymous_0)
FNDA:1,(anonymous_1)
FNDA:6,(anonymous_2)
FNDA:1,(anonymous_3)
DA:56,1
DA:57,1
DA:58,1
DA:59,1
DA:75,5
DA:76,5
DA:77,1
DA:78,1
DA:79,6
DA:80,3
DA:84,5
DA:85,1
DA:87,5
LF:13
LH:13
BRDA:79,0,0,3
BRDA:79,0,1,3
BRF:2
BRH:2
end_of_record
TN:
SF:D:\zjjworkspace\library\draggable-upload\src\font\iconfont.css
FNF:0
FNH:0
DA:1,1
LF:1
LH:1
BRF:0
BRH:0
end_of_record
